Using pre-set license
Built from '2020.3/staging' branch; Version is '2020.3.16f1 (049d6eca3c44) revision 302446'; Using compiler version '192528614'; Build Type 'Release'
OS: 'Windows 10 Home; OS build 19042.1288; Version 2009; 64bit' Language: 'en' Physical Memory: 3903 MB
BatchMode: 1, IsHumanControllingUs: 0, StartBugReporterOnCrash: 0, Is64bit: 1, IsPro: 0

 COMMAND LINE ARGUMENTS:
C:\Program Files\Unity\Hub\Editor\2020.3.16f1\Editor\Unity.exe
-adb2
-batchMode
-noUpm
-name
AssetImportWorker1
-projectPath
C:/Users/Fumpl/Documents/GitHub/NXT-Game-Project-Repo/John/NXT Game Prototype
-logFile
Logs/AssetImportWorker1.log
-srvPort
60190
Successfully changed project path to: C:/Users/Fumpl/Documents/GitHub/NXT-Game-Project-Repo/John/NXT Game Prototype
C:/Users/Fumpl/Documents/GitHub/NXT-Game-Project-Repo/John/NXT Game Prototype
Using Asset Import Pipeline V2.
Refreshing native plugins compatible for Editor in 3547.05 ms, found 28 plugins.
Preloading 0 native plugins for Editor in 0.00 ms.
Initialize engine version: 2020.3.16f1 (049d6eca3c44)
[Subsystems] Discovering subsystems at path C:/Program Files/Unity/Hub/Editor/2020.3.16f1/Editor/Data/Resources/UnitySubsystems
[Subsystems] Discovering subsystems at path C:/Users/Fumpl/Documents/GitHub/NXT-Game-Project-Repo/John/NXT Game Prototype/Assets
GfxDevice: creating device client; threaded=0
